app/build/outputs/logs/manifest-merger-release-report.txt
-- Merging decision tree log ---
manifest
ADDED from src\main\AndroidManifest.xml:2:1-37:12
	package
		ADDED from src\main\AndroidManifest.xml:3:5-34
		INJECTED from src\main\AndroidManifest.xml
		INJECTED from src\main\AndroidManifest.xml
	android:versionName
		INJECTED from src\main\AndroidManifest.xml
		INJECTED from src\main\AndroidManifest.xml
	xmlns:android
		ADDED from src\main\AndroidManifest.xml:2:11-69
	android:versionCode
		INJECTED from src\main\AndroidManifest.xml
		INJECTED from src\main\AndroidManifest.xml
uses-permission#android.permission.INTERNET
ADDED from src\main\AndroidManifest.xml:5:5-67
	android:name
		ADDED from src\main\AndroidManifest.xml:5:22-64
uses-permission#android.permission.READ_EXTERNAL_STORAGE
ADDED from src\main\AndroidManifest.xml:6:5-80
	android:name
		ADDED from src\main\AndroidManifest.xml:6:22-77
uses-permission#android.permission.WRITE_EXTERNAL_STORAGE
ADDED from src\main\AndroidManifest.xml:7:5-81
	android:name
		ADDED from src\main\AndroidManifest.xml:7:22-78
uses-permission#android.permission.ACCESS_NETWORK_STATE
ADDED from src\main\AndroidManifest.xml:8:5-78
	android:name
		ADDED from src\main\AndroidManifest.xml:8:22-76
application
ADDED from src\main\AndroidManifest.xml:10:5-35:19
MERGED from [com.android.support.constraint:constraint-layout:1.0.2] AndroidManifest.xml:9:5-20
MERGED from [com.android.support:design:26.0.0-alpha1] AndroidManifest.xml:29:5-20
MERGED from [com.android.support:appcompat-v7:26.0.0-alpha1] AndroidManifest.xml:29:5-20
MERGED from [com.android.support:animated-vector-drawable:26.0.0-alpha1] AndroidManifest.xml:26:5-20
MERGED from [com.android.support:support-vector-drawable:26.0.0-alpha1] AndroidManifest.xml:26:5-20
MERGED from [com.android.support:recyclerview-v7:26.1.0] AndroidManifest.xml:22:5-26:19
MERGED from [com.android.support:transition:26.0.0-alpha1] AndroidManifest.xml:26:5-20
MERGED from [com.android.support:support-v4:26.1.0] AndroidManifest.xml:25:5-29:19
MERGED from [com.android.support:support-media-compat:26.1.0] AndroidManifest.xml:25:5-29:19
MERGED from [com.android.support:support-fragment:26.1.0] AndroidManifest.xml:25:5-29:19
MERGED from [com.android.support:support-core-ui:26.1.0] AndroidManifest.xml:25:5-29:19
MERGED from [com.android.support:support-core-utils:26.1.0] AndroidManifest.xml:25:5-29:19
MERGED from [com.android.support:support-compat:26.1.0] AndroidManifest.xml:25:5-29:19
MERGED from [android.arch.lifecycle:runtime:1.0.0] AndroidManifest.xml:24:5-28:19
	android:label
		ADDED from src\main\AndroidManifest.xml:13:9-41
	android:supportsRtl
		ADDED from src\main\AndroidManifest.xml:15:9-35
	android:roundIcon
		ADDED from src\main\AndroidManifest.xml:14:9-45
	android:allowBackup
		ADDED from src\main\AndroidManifest.xml:11:9-35
	android:icon
		ADDED from src\main\AndroidManifest.xml:12:9-40
	android:largeHeap
		ADDED from src\main\AndroidManifest.xml:16:9-33
	android:theme
		ADDED from src\main\AndroidManifest.xml:17:9-65
activity#com.example.ts.news.Activity.WelcomeActivity
ADDED from src\main\AndroidManifest.xml:20:9-26:20
	android:name
		ADDED from src\main\AndroidManifest.xml:20:19-59
intent-filter#android.intent.action.MAIN+android.intent.category.LAUNCHER
ADDED from src\main\AndroidManifest.xml:21:13-25:29
action#android.intent.action.MAIN
ADDED from src\main\AndroidManifest.xml:22:17-69
	android:name
		ADDED from src\main\AndroidManifest.xml:22:25-66
category#android.intent.category.LAUNCHER
ADDED from src\main\AndroidManifest.xml:24:17-77
	android:name
		ADDED from src\main\AndroidManifest.xml:24:27-74
activity#com.example.ts.news.Activity.LoginOrRegisterActivity
ADDED from src\main\AndroidManifest.xml:27:9-70
	android:name
		ADDED from src\main\AndroidManifest.xml:27:19-67
activity#com.example.ts.news.Activity.MainActivity
ADDED from src\main\AndroidManifest.xml:28:9-59
	android:name
		ADDED from src\main\AndroidManifest.xml:28:19-56
activity#com.example.ts.news.Activity.LoginActivity
ADDED from src\main\AndroidManifest.xml:29:9-60
	android:name
		ADDED from src\main\AndroidManifest.xml:29:19-57
activity#com.example.ts.news.Activity.RegisterActivity
ADDED from src\main\AndroidManifest.xml:30:9-63
	android:name
		ADDED from src\main\AndroidManifest.xml:30:19-60
activity#com.example.ts.news.Activity.EditMineActivity
ADDED from src\main\AndroidManifest.xml:31:9-63
	android:name
		ADDED from src\main\AndroidManifest.xml:31:19-60
activity#com.example.ts.news.Activity.CoverActivity
ADDED from src\main\AndroidManifest.xml:32:9-60
	android:name
		ADDED from src\main\AndroidManifest.xml:32:19-57
activity#com.example.ts.news.Activity.ShowNewsActivity
ADDED from src\main\AndroidManifest.xml:33:9-63
	android:name
		ADDED from src\main\AndroidManifest.xml:33:19-60
activity#com.example.ts.news.Activity.CollectionActivity
ADDED from src\main\AndroidManifest.xml:34:9-74
	android:name
		ADDED from src\main\AndroidManifest.xml:34:19-62
uses-sdk
INJECTED from src\main\AndroidManifest.xml reason: use-sdk injection requested
MERGED from [com.android.support.constraint:constraint-layout:1.0.2] AndroidManifest.xml:5:5-7:41
MERGED from [com.android.support:design:26.0.0-alpha1] AndroidManifest.xml:21:5-23:62
MERGED from [com.android.support:appcompat-v7:26.0.0-alpha1] AndroidManifest.xml:21:5-23:78
MERGED from [com.android.support:animated-vector-drawable:26.0.0-alpha1] AndroidManifest.xml:20:5-44
MERGED from [com.android.support:support-vector-drawable:26.0.0-alpha1] AndroidManifest.xml:20:5-44
MERGED from [com.android.support:recyclerview-v7:26.1.0] AndroidManifest.xml:20:5-44
MERGED from [com.android.support:transition:26.0.0-alpha1] AndroidManifest.xml:20:5-44
MERGED from [com.android.support:support-v4:26.1.0] AndroidManifest.xml:21:5-23:54
MERGED from [com.android.support:support-media-compat:26.1.0] AndroidManifest.xml:21:5-23:63
MERGED from [com.android.support:support-fragment:26.1.0] AndroidManifest.xml:21:5-23:60
MERGED from [com.android.support:support-core-ui:26.1.0] AndroidManifest.xml:21:5-23:58
MERGED from [com.android.support:support-core-utils:26.1.0] AndroidManifest.xml:21:5-23:61
MERGED from [com.android.support:support-compat:26.1.0] AndroidManifest.xml:21:5-23:58
MERGED from [android.arch.lifecycle:runtime:1.0.0] AndroidManifest.xml:20:5-22:41
	tools:overrideLibrary
		ADDED from [com.android.support:design:26.0.0-alpha1] AndroidManifest.xml:23:9-59
	android:targetSdkVersion
		INJECTED from src\main\AndroidManifest.xml
		INJECTED from src\main\AndroidManifest.xml
	android:minSdkVersion
		INJECTED from src\main\AndroidManifest.xml
		INJECTED from src\main\AndroidManifest.xml
meta-data#android.support.VERSION
ADDED from [com.android.support:design:26.0.0-alpha1] AndroidManifest.xml:25:5-27:41
MERGED from [com.android.support:appcompat-v7:26.0.0-alpha1] AndroidManifest.xml:25:5-27:41
MERGED from [com.android.support:animated-vector-drawable:26.0.0-alpha1] AndroidManifest.xml:22:5-24:41
MERGED from [com.android.support:support-vector-drawable:26.0.0-alpha1] AndroidManifest.xml:22:5-24:41
MERGED from [com.android.support:transition:26.0.0-alpha1] AndroidManifest.xml:22:5-24:41
MERGED from [com.android.support:support-v4:26.1.0] AndroidManifest.xml:26:9-28:38
MERGED from [com.android.support:support-media-compat:26.1.0] AndroidManifest.xml:26:9-28:38
MERGED from [com.android.support:support-fragment:26.1.0] AndroidManifest.xml:26:9-28:38
MERGED from [com.android.support:support-core-ui:26.1.0] AndroidManifest.xml:26:9-28:38
MERGED from [com.android.support:support-core-utils:26.1.0] AndroidManifest.xml:26:9-28:38
MERGED from [com.android.support:support-compat:26.1.0] AndroidManifest.xml:26:9-28:38
	android:value
		ADDED from [com.android.support:design:26.0.0-alpha1] AndroidManifest.xml:27:9-38
	android:name
		ADDED from [com.android.support:design:26.0.0-alpha1] AndroidManifest.xml:26:9-47
meta-data#android.arch.lifecycle.VERSION
ADDED from [android.arch.lifecycle:runtime:1.0.0] AndroidManifest.xml:25:9-27:47
	android:value
		ADDED from [android.arch.lifecycle:runtime:1.0.0] AndroidManifest.xml:27:13-44
	android:name
		ADDED from [android.arch.lifecycle:runtime:1.0.0] AndroidManifest.xml:26:13-58